<Bible name="King James Bible">
    <Book id='1'>
        <bookName>Esther</bookName>
        <numberOfChapters>1</numberOfChapters>
        <Chapter id='1'>
            <numberOfVerses>1</numberOfVerses>
            <Verse id='1'>Then were the king's scribes called at that time in the third month, that is, the month Sivan, on the three and twentieth day thereof; and it was written according to all that Mordecai commanded unto the Jews, and to the lieutenants, and the deputies and rulers of the provinces which are from India unto Ethiopia, an hundred twenty and seven provinces, unto every province according to the writing thereof, and unto every people after their language, and to the Jews according to their writing, and according to their language.</Verse>
        </Chapter>
    </Book>
    <Book id='2'>
        <bookName>RevelationRevelation</bookName>
        <numberOfChapters>1000</numberOfChapters>
        <Chapter id='1'>
            <numberOfVerses>2000</numberOfVerses>
            <Verse id='1'>Job 1:1</Verse>
            <Verse id='2'>Job 1:2</Verse>
            <Verse id='3'>Job 1:3</Verse>
            <Verse id='4'>Job 1:4</Verse>
            <Verse id='5'>Job 1:5</Verse>
            <Verse id='6'>Job 1:6</Verse>
            <Verse id='7'>Job 1:7</Verse>
            <Verse id='8'>Job 1:8</Verse>
            <Verse id='9'>Job 1:9</Verse>
            <Verse id='10'>Job 1:10</Verse>
            <Verse id='11'>Job 1:11</Verse>
            <Verse id='12'>Job 1:12</Verse>
            <Verse id='13'>Job 1:13</Verse>
            <Verse id='14'>Job 1:14</Verse>
            <Verse id='15'>Job 1:15</Verse>
            <Verse id='16'>Job 1:16</Verse>
            <Verse id='17'>Job 1:17</Verse>
            <Verse id='18'>Job 1:18</Verse>
            <Verse id='19'>Job 1:19</Verse>
            <Verse id='20'>Job 1:20</Verse>
            <Verse id='21'>Job 1:21</Verse>
            <Verse id='22'>Job 1:22</Verse>
        </Chapter>
    </Book>
</Bible>