<Bible name="King James Bible">
    <Book id='1'>
        <bookName>Genesis</bookName>
        <numberOfChapters>3</numberOfChapters>
        <Chapter id='1'>
            <numberOfVerses>1</numberOfVerses>
            <Verse id='1'>"In the beginning God created the heaven and the earth."</Verse>
        </Chapter>
        <Chapter id='2'>
            <numberOfVerses>3</numberOfVerses>
            <Verse id='1'>"Thus the heavens and the earth were finished, and all the host of them."</Verse>
            <Verse id='2'>"And on the seventh day God ended his work which he had made; and he rested on the seventh day from all his work which he had made."</Verse>
            <Verse id='3'>"And God blessed the seventh day, and sanctified it: because that in it he had rested from all his work which God created and made."</Verse>
        </Chapter>
      <Chapter id='3'>
            <numberOfVerses>2</numberOfVerses>
            <Verse id='1'>"Now the serpent was more subtle than any beast of the field which the LORD God had made. And he said unto the woman, Yea, has God said, All of you shall not eat of every tree of the garden?"</Verse>
            <Verse id='2'>"And the woman said unto the serpent, We may eat of the fruit of the trees of the garden:"</Verse>
        </Chapter>
    </Book>
    <Book id='2'>
        <bookName>Exodus</bookName>
        <numberOfChapters>2</numberOfChapters>
        <Chapter id='1'>
            <numberOfVerses>2</numberOfVerses>
            <Verse id='1'>"Now these are the names of the children of Israel, which came into Egypt; every man and his household came with Jacob."</Verse>
            <Verse id='2'>"Reuben, Simeon, Levi, and Judah,"</Verse>
        </Chapter>
        <Chapter id='2'>
            <numberOfVerses>1</numberOfVerses>
            <Verse id='1'>"And there went a man of the house of Levi, and took to wife a daughter of Levi."</Verse>
        </Chapter>
    </Book>
    <Book id='3'>
        <bookName>Leviticus</bookName>
        <numberOfChapters>1</numberOfChapters>
        <Chapter id='1'>
            <numberOfVerses>1</numberOfVerses>
            <Verse id='1'>"And the LORD called unto Moses, and spoke unto him out of the tabernacle of the congregation, saying,"</Verse>
        </Chapter>
    </Book>
</Bible>